# JRE version: OpenJDK Runtime Environment Temurin-17.0.10+7 (17.0.10+7) (build 17.0.10+7)
# Java VM: OpenJDK 64-Bit Server VM Temurin-17.0.10+7 (17.0.10+7, mixed mode, tiered, compressed oops, compressed class ptrs, parallel gc, windows-amd64)
GC Precious Log:
 CPUs: 8 total, 8 available
 Memory: 7918M
 Large Page Support: Disabled
 NUMA Support: Disabled
 Compressed Oops: Enabled (32-bit)
 Alignments: Space 512K, Generation 512K, Heap 2M
 Heap Min Capacity: 100M
 Heap Initial Capacity: 100M
 Heap Max Capacity: 1G
 Pre-touch: Disabled
 Parallel Workers: 8
Heap:
 PSYoungGen      total 11264K, used 6208K [0x00000000eab00000, 0x00000000eb900000, 0x0000000100000000)
  eden space 8192K, 38% used [0x00000000eab00000,0x00000000eae14268,0x00000000eb300000)
  from space 3072K, 99% used [0x00000000eb300000,0x00000000eb5fc0c0,0x00000000eb600000)
  to   space 3072K, 0% used [0x00000000eb600000,0x00000000eb600000,0x00000000eb900000)
 ParOldGen       total 142336K, used 104802K [0x00000000c0000000, 0x00000000c8b00000, 0x00000000eab00000)
  object space 142336K, 73% used [0x00000000c0000000,0x00000000c6658918,0x00000000c8b00000)
 Metaspace       used 77782K, committed 78976K, reserved 1179648K
  class space    used 8361K, committed 8896K, reserved 1048576K
GC Heap History (20 events):
Event: 306.705 GC heap before
{Heap before GC invocations=69 (full 5):
 PSYoungGen      total 9216K, used 9184K [0x00000000eab00000, 0x00000000eb880000, 0x0000000100000000)
  eden space 8192K, 100% used [0x00000000eab00000,0x00000000eb300000,0x00000000eb300000)
  from space 1024K, 96% used [0x00000000eb700000,0x00000000eb7f8060,0x00000000eb800000)
  to   space 512K, 0% used [0x00000000eb800000,0x00000000eb800000,0x00000000eb880000)
 ParOldGen       total 142336K, used 101058K [0x00000000c0000000, 0x00000000c8b00000, 0x00000000eab00000)
  object space 142336K, 71% used [0x00000000c0000000,0x00000000c62b0bf0,0x00000000c8b00000)
 Metaspace       used 76652K, committed 77824K, reserved 1179648K
  class space    used 8286K, committed 8768K, reserved 1048576K
}
Event: 306.708 GC heap after
{Heap after GC invocations=69 (full 5):
 PSYoungGen      total 8704K, used 496K [0x00000000eab00000, 0x00000000eb900000, 0x0000000100000000)
  eden space 8192K, 0% used [0x00000000eab00000,0x00000000eab00000,0x00000000eb300000)
  from space 512K, 96% used [0x00000000eb800000,0x00000000eb87c020,0x00000000eb880000)
  to   space 3072K, 0% used [0x00000000eb300000,0x00000000eb300000,0x00000000eb600000)
 ParOldGen       total 142336K, used 103307K [0x00000000c0000000, 0x00000000c8b00000, 0x00000000eab00000)
  object space 142336K, 72% used [0x00000000c0000000,0x00000000c64e2d20,0x00000000c8b00000)
 Metaspace       used 76652K, committed 77824K, reserved 1179648K
  class space    used 8286K, committed 8768K, reserved 1048576K
}
Event: 306.814 GC heap before
{Heap before GC invocations=70 (full 5):
 PSYoungGen      total 8704K, used 8688K [0x00000000eab00000, 0x00000000eb900000, 0x0000000100000000)
  eden space 8192K, 100% used [0x00000000eab00000,0x00000000eb300000,0x00000000eb300000)
  from space 512K, 96% used [0x00000000eb800000,0x00000000eb87c020,0x00000000eb880000)
  to   space 3072K, 0% used [0x00000000eb300000,0x00000000eb300000,0x00000000eb600000)
 ParOldGen       total 142336K, used 103307K [0x00000000c0000000, 0x00000000c8b00000, 0x00000000eab00000)
  object space 142336K, 72% used [0x00000000c0000000,0x00000000c64e2d20,0x00000000c8b00000)
 Metaspace       used 76710K, committed 77952K, reserved 1179648K
  class space    used 8293K, committed 8832K, reserved 1048576K
}
Event: 306.816 GC heap after
{Heap after GC invocations=70 (full 5):
 PSYoungGen      total 11264K, used 705K [0x00000000eab00000, 0x00000000eb880000, 0x0000000100000000)
  eden space 8192K, 0% used [0x00000000eab00000,0x00000000eab00000,0x00000000eb300000)
  from space 3072K, 22% used [0x00000000eb300000,0x00000000eb3b06d0,0x00000000eb600000)
  to   space 1536K, 0% used [0x00000000eb700000,0x00000000eb700000,0x00000000eb880000)
 ParOldGen       total 142336K, used 103331K [0x00000000c0000000, 0x00000000c8b00000, 0x00000000eab00000)
  object space 142336K, 72% used [0x00000000c0000000,0x00000000c64e8d20,0x00000000c8b00000)
 Metaspace       used 76710K, committed 77952K, reserved 1179648K
  class space    used 8293K, committed 8832K, reserved 1048576K
}
Event: 306.884 GC heap before
{Heap before GC invocations=71 (full 5):
 PSYoungGen      total 11264K, used 8897K [0x00000000eab00000, 0x00000000eb880000, 0x0000000100000000)
  eden space 8192K, 100% used [0x00000000eab00000,0x00000000eb300000,0x00000000eb300000)
  from space 3072K, 22% used [0x00000000eb300000,0x00000000eb3b06d0,0x00000000eb600000)
  to   space 1536K, 0% used [0x00000000eb700000,0x00000000eb700000,0x00000000eb880000)
 ParOldGen       total 142336K, used 103331K [0x00000000c0000000, 0x00000000c8b00000, 0x00000000eab00000)
  object space 142336K, 72% used [0x00000000c0000000,0x00000000c64e8d20,0x00000000c8b00000)
 Metaspace       used 76789K, committed 78016K, reserved 1179648K
  class space    used 8294K, committed 8832K, reserved 1048576K
}
Event: 306.886 GC heap after
{Heap after GC invocations=71 (full 5):
 PSYoungGen      total 9216K, used 768K [0x00000000eab00000, 0x00000000eb800000, 0x0000000100000000)
  eden space 8192K, 0% used [0x00000000eab00000,0x00000000eab00000,0x00000000eb300000)
  from space 1024K, 75% used [0x00000000eb700000,0x00000000eb7c0000,0x00000000eb800000)
  to   space 1024K, 0% used [0x00000000eb600000,0x00000000eb600000,0x00000000eb700000)
 ParOldGen       total 142336K, used 103339K [0x00000000c0000000, 0x00000000c8b00000, 0x00000000eab00000)
  object space 142336K, 72% used [0x00000000c0000000,0x00000000c64ead20,0x00000000c8b00000)
 Metaspace       used 76789K, committed 78016K, reserved 1179648K
  class space    used 8294K, committed 8832K, reserved 1048576K
}
Event: 307.740 GC heap before
{Heap before GC invocations=72 (full 5):
 PSYoungGen      total 9216K, used 8960K [0x00000000eab00000, 0x00000000eb800000, 0x0000000100000000)
  eden space 8192K, 100% used [0x00000000eab00000,0x00000000eb300000,0x00000000eb300000)
  from space 1024K, 75% used [0x00000000eb700000,0x00000000eb7c0000,0x00000000eb800000)
  to   space 1024K, 0% used [0x00000000eb600000,0x00000000eb600000,0x00000000eb700000)
 ParOldGen       total 142336K, used 103339K [0x00000000c0000000, 0x00000000c8b00000, 0x00000000eab00000)
  object space 142336K, 72% used [0x00000000c0000000,0x00000000c64ead20,0x00000000c8b00000)
 Metaspace       used 76842K, committed 78016K, reserved 1179648K
  class space    used 8294K, committed 8832K, reserved 1048576K
}
Event: 307.741 GC heap after
{Heap after GC invocations=72 (full 5):
 PSYoungGen      total 9216K, used 976K [0x00000000eab00000, 0x00000000eb780000, 0x0000000100000000)
  eden space 8192K, 0% used [0x00000000eab00000,0x00000000eab00000,0x00000000eb300000)
  from space 1024K, 95% used [0x00000000eb600000,0x00000000eb6f4038,0x00000000eb700000)
  to   space 512K, 0% used [0x00000000eb700000,0x00000000eb700000,0x00000000eb780000)
 ParOldGen       total 142336K, used 103347K [0x00000000c0000000, 0x00000000c8b00000, 0x00000000eab00000)
  object space 142336K, 72% used [0x00000000c0000000,0x00000000c64ecd20,0x00000000c8b00000)
 Metaspace       used 76842K, committed 78016K, reserved 1179648K
  class space    used 8294K, committed 8832K, reserved 1048576K
}
Event: 308.106 GC heap before
{Heap before GC invocations=73 (full 5):
 PSYoungGen      total 9216K, used 9168K [0x00000000eab00000, 0x00000000eb780000, 0x0000000100000000)
  eden space 8192K, 100% used [0x00000000eab00000,0x00000000eb300000,0x00000000eb300000)
  from space 1024K, 95% used [0x00000000eb600000,0x00000000eb6f4038,0x00000000eb700000)
  to   space 512K, 0% used [0x00000000eb700000,0x00000000eb700000,0x00000000eb780000)
 ParOldGen       total 142336K, used 103347K [0x00000000c0000000, 0x00000000c8b00000, 0x00000000eab00000)
  object space 142336K, 72% used [0x00000000c0000000,0x00000000c64ecd20,0x00000000c8b00000)
 Metaspace       used 76932K, committed 78144K, reserved 1179648K
  class space    used 8294K, committed 8832K, reserved 1048576K
}
Event: 308.108 GC heap after
{Heap after GC invocations=73 (full 5):
 PSYoungGen      total 8704K, used 496K [0x00000000eab00000, 0x00000000eb780000, 0x0000000100000000)
  eden space 8192K, 0% used [0x00000000eab00000,0x00000000eab00000,0x00000000eb300000)
  from space 512K, 96% used [0x00000000eb700000,0x00000000eb77c038,0x00000000eb780000)
  to   space 1024K, 0% used [0x00000000eb580000,0x00000000eb580000,0x00000000eb680000)
 ParOldGen       total 142336K, used 103634K [0x00000000c0000000, 0x00000000c8b00000, 0x00000000eab00000)
  object space 142336K, 72% used [0x00000000c0000000,0x00000000c65348b0,0x00000000c8b00000)
 Metaspace       used 76932K, committed 78144K, reserved 1179648K
  class space    used 8294K, committed 8832K, reserved 1048576K
}
Event: 308.155 GC heap before
{Heap before GC invocations=74 (full 5):
 PSYoungGen      total 8704K, used 8688K [0x00000000eab00000, 0x00000000eb780000, 0x0000000100000000)
  eden space 8192K, 100% used [0x00000000eab00000,0x00000000eb300000,0x00000000eb300000)
  from space 512K, 96% used [0x00000000eb700000,0x00000000eb77c038,0x00000000eb780000)
  to   space 1024K, 0% used [0x00000000eb580000,0x00000000eb580000,0x00000000eb680000)
 ParOldGen       total 142336K, used 103634K [0x00000000c0000000, 0x00000000c8b00000, 0x00000000eab00000)
  object space 142336K, 72% used [0x00000000c0000000,0x00000000c65348b0,0x00000000c8b00000)
 Metaspace       used 76939K, committed 78144K, reserved 1179648K
  class space    used 8294K, committed 8832K, reserved 1048576K
}
Event: 308.156 GC heap after
{Heap after GC invocations=74 (full 5):
 PSYoungGen      total 9216K, used 688K [0x00000000eab00000, 0x00000000eb780000, 0x0000000100000000)
  eden space 8192K, 0% used [0x00000000eab00000,0x00000000eab00000,0x00000000eb300000)
  from space 1024K, 67% used [0x00000000eb580000,0x00000000eb62c020,0x00000000eb680000)
  to   space 1024K, 0% used [0x00000000eb680000,0x00000000eb680000,0x00000000eb780000)
 ParOldGen       total 142336K, used 103666K [0x00000000c0000000, 0x00000000c8b00000, 0x00000000eab00000)
  object space 142336K, 72% used [0x00000000c0000000,0x00000000c653c8b0,0x00000000c8b00000)
 Metaspace       used 76939K, committed 78144K, reserved 1179648K
  class space    used 8294K, committed 8832K, reserved 1048576K
}
Event: 308.767 GC heap before
{Heap before GC invocations=75 (full 5):
 PSYoungGen      total 9216K, used 8880K [0x00000000eab00000, 0x00000000eb780000, 0x0000000100000000)
  eden space 8192K, 99% used [0x00000000eab00000,0x00000000eb2fffe0,0x00000000eb300000)
  from space 1024K, 67% used [0x00000000eb580000,0x00000000eb62c020,0x00000000eb680000)
  to   space 1024K, 0% used [0x00000000eb680000,0x00000000eb680000,0x00000000eb780000)
 ParOldGen       total 142336K, used 103666K [0x00000000c0000000, 0x00000000c8b00000, 0x00000000eab00000)
  object space 142336K, 72% used [0x00000000c0000000,0x00000000c653c8b0,0x00000000c8b00000)
 Metaspace       used 77155K, committed 78272K, reserved 1179648K
  class space    used 8315K, committed 8832K, reserved 1048576K
}
Event: 308.769 GC heap after
{Heap after GC invocations=75 (full 5):
 PSYoungGen      total 9216K, used 976K [0x00000000eab00000, 0x00000000eb780000, 0x0000000100000000)
  eden space 8192K, 0% used [0x00000000eab00000,0x00000000eab00000,0x00000000eb300000)
  from space 1024K, 95% used [0x00000000eb680000,0x00000000eb774010,0x00000000eb780000)
  to   space 1536K, 0% used [0x00000000eb480000,0x00000000eb480000,0x00000000eb600000)
 ParOldGen       total 142336K, used 103674K [0x00000000c0000000, 0x00000000c8b00000, 0x00000000eab00000)
  object space 142336K, 72% used [0x00000000c0000000,0x00000000c653e8b0,0x00000000c8b00000)
 Metaspace       used 77155K, committed 78272K, reserved 1179648K
  class space    used 8315K, committed 8832K, reserved 1048576K
}
Event: 308.871 GC heap before
{Heap before GC invocations=76 (full 5):
 PSYoungGen      total 9216K, used 9168K [0x00000000eab00000, 0x00000000eb780000, 0x0000000100000000)
  eden space 8192K, 100% used [0x00000000eab00000,0x00000000eb300000,0x00000000eb300000)
  from space 1024K, 95% used [0x00000000eb680000,0x00000000eb774010,0x00000000eb780000)
  to   space 1536K, 0% used [0x00000000eb480000,0x00000000eb480000,0x00000000eb600000)
 ParOldGen       total 142336K, used 103674K [0x00000000c0000000, 0x00000000c8b00000, 0x00000000eab00000)
  object space 142336K, 72% used [0x00000000c0000000,0x00000000c653e8b0,0x00000000c8b00000)
 Metaspace       used 77336K, committed 78464K, reserved 1179648K
  class space    used 8332K, committed 8832K, reserved 1048576K
}
Event: 308.875 GC heap after
{Heap after GC invocations=76 (full 5):
 PSYoungGen      total 9728K, used 1530K [0x00000000eab00000, 0x00000000eb900000, 0x0000000100000000)
  eden space 8192K, 0% used [0x00000000eab00000,0x00000000eab00000,0x00000000eb300000)
  from space 1536K, 99% used [0x00000000eb480000,0x00000000eb5fea58,0x00000000eb600000)
  to   space 3072K, 0% used [0x00000000eb600000,0x00000000eb600000,0x00000000eb900000)
 ParOldGen       total 142336K, used 104594K [0x00000000c0000000, 0x00000000c8b00000, 0x00000000eab00000)
  object space 142336K, 73% used [0x00000000c0000000,0x00000000c66248e0,0x00000000c8b00000)
 Metaspace       used 77336K, committed 78464K, reserved 1179648K
  class space    used 8332K, committed 8832K, reserved 1048576K
}
Event: 309.049 GC heap before
{Heap before GC invocations=77 (full 5):
 PSYoungGen      total 9728K, used 9722K [0x00000000eab00000, 0x00000000eb900000, 0x0000000100000000)
  eden space 8192K, 100% used [0x00000000eab00000,0x00000000eb300000,0x00000000eb300000)
  from space 1536K, 99% used [0x00000000eb480000,0x00000000eb5fea58,0x00000000eb600000)
  to   space 3072K, 0% used [0x00000000eb600000,0x00000000eb600000,0x00000000eb900000)
 ParOldGen       total 142336K, used 104594K [0x00000000c0000000, 0x00000000c8b00000, 0x00000000eab00000)
  object space 142336K, 73% used [0x00000000c0000000,0x00000000c66248e0,0x00000000c8b00000)
 Metaspace       used 77492K, committed 78720K, reserved 1179648K
  class space    used 8336K, committed 8832K, reserved 1048576K
}
Event: 309.051 GC heap after
{Heap after GC invocations=77 (full 5):
 PSYoungGen      total 11264K, used 2840K [0x00000000eab00000, 0x00000000eb900000, 0x0000000100000000)
  eden space 8192K, 0% used [0x00000000eab00000,0x00000000eab00000,0x00000000eb300000)
  from space 3072K, 92% used [0x00000000eb600000,0x00000000eb8c63c8,0x00000000eb900000)
  to   space 3072K, 0% used [0x00000000eb300000,0x00000000eb300000,0x00000000eb600000)
 ParOldGen       total 142336K, used 104722K [0x00000000c0000000, 0x00000000c8b00000, 0x00000000eab00000)
  object space 142336K, 73% used [0x00000000c0000000,0x00000000c6644918,0x00000000c8b00000)
 Metaspace       used 77492K, committed 78720K, reserved 1179648K
  class space    used 8336K, committed 8832K, reserved 1048576K
}
Event: 310.444 GC heap before
{Heap before GC invocations=78 (full 5):
 PSYoungGen      total 11264K, used 11032K [0x00000000eab00000, 0x00000000eb900000, 0x0000000100000000)
  eden space 8192K, 99% used [0x00000000eab00000,0x00000000eb2ffff8,0x00000000eb300000)
  from space 3072K, 92% used [0x00000000eb600000,0x00000000eb8c63c8,0x00000000eb900000)
  to   space 3072K, 0% used [0x00000000eb300000,0x00000000eb300000,0x00000000eb600000)
 ParOldGen       total 142336K, used 104722K [0x00000000c0000000, 0x00000000c8b00000, 0x00000000eab00000)
  object space 142336K, 73% used [0x00000000c0000000,0x00000000c6644918,0x00000000c8b00000)
 Metaspace       used 77694K, committed 78912K, reserved 1179648K
  class space    used 8351K, committed 8896K, reserved 1048576K
}
Event: 310.447 GC heap after
{Heap after GC invocations=78 (full 5):
 PSYoungGen      total 11264K, used 3056K [0x00000000eab00000, 0x00000000eb900000, 0x0000000100000000)
  eden space 8192K, 0% used [0x00000000eab00000,0x00000000eab00000,0x00000000eb300000)
  from space 3072K, 99% used [0x00000000eb300000,0x00000000eb5fc0c0,0x00000000eb600000)
  to   space 3072K, 0% used [0x00000000eb600000,0x00000000eb600000,0x00000000eb900000)
 ParOldGen       total 142336K, used 104802K [0x00000000c0000000, 0x00000000c8b00000, 0x00000000eab00000)
  object space 142336K, 73% used [0x00000000c0000000,0x00000000c6658918,0x00000000c8b00000)
 Metaspace       used 77694K, committed 78912K, reserved 1179648K
  class space    used 8351K, committed 8896K, reserved 1048576K
}

