# JRE version: OpenJDK Runtime Environment Temurin-17.0.10+7 (17.0.10+7) (build 17.0.10+7)
# Java VM: OpenJDK 64-Bit Server VM Temurin-17.0.10+7 (17.0.10+7, mixed mode, tiered, compressed oops, compressed class ptrs, parallel gc, windows-amd64)
GC Precious Log:
 CPUs: 8 total, 8 available
 Memory: 7918M
 Large Page Support: Disabled
 NUMA Support: Disabled
 Compressed Oops: Enabled (32-bit)
 Alignments: Space 512K, Generation 512K, Heap 2M
 Heap Min Capacity: 100M
 Heap Initial Capacity: 100M
 Heap Max Capacity: 1G
 Pre-touch: Disabled
 Parallel Workers: 8
Heap:
 PSYoungGen      total 23040K, used 16449K [0x00000000eab00000, 0x00000000ec380000, 0x0000000100000000)
  eden space 22016K, 70% used [0x00000000eab00000,0x00000000eba3c6b8,0x00000000ec080000)
  from space 1024K, 82% used [0x00000000ec280000,0x00000000ec354010,0x00000000ec380000)
  to   space 1024K, 0% used [0x00000000ec180000,0x00000000ec180000,0x00000000ec280000)
 ParOldGen       total 68608K, used 32303K [0x00000000c0000000, 0x00000000c4300000, 0x00000000eab00000)
  object space 68608K, 47% used [0x00000000c0000000,0x00000000c1f8bfb0,0x00000000c4300000)
 Metaspace       used 60787K, committed 61824K, reserved 1114112K
  class space    used 6499K, committed 6976K, reserved 1048576K
GC Heap History (20 events):
Event: 14.552 GC heap before
{Heap before GC invocations=24 (full 2):
 PSYoungGen      total 24576K, used 24544K [0x00000000eab00000, 0x00000000ec580000, 0x0000000100000000)
  eden space 22016K, 100% used [0x00000000eab00000,0x00000000ec080000,0x00000000ec080000)
  from space 2560K, 98% used [0x00000000ec080000,0x00000000ec2f8000,0x00000000ec300000)
  to   space 2560K, 0% used [0x00000000ec300000,0x00000000ec300000,0x00000000ec580000)
 ParOldGen       total 68608K, used 29512K [0x00000000c0000000, 0x00000000c4300000, 0x00000000eab00000)
  object space 68608K, 43% used [0x00000000c0000000,0x00000000c1cd2008,0x00000000c4300000)
 Metaspace       used 51705K, committed 52608K, reserved 1114112K
  class space    used 5617K, committed 6016K, reserved 1048576K
}
Event: 14.558 GC heap after
{Heap after GC invocations=24 (full 2):
 PSYoungGen      total 24576K, used 2496K [0x00000000eab00000, 0x00000000ec580000, 0x0000000100000000)
  eden space 22016K, 0% used [0x00000000eab00000,0x00000000eab00000,0x00000000ec080000)
  from space 2560K, 97% used [0x00000000ec300000,0x00000000ec570010,0x00000000ec580000)
  to   space 2560K, 0% used [0x00000000ec080000,0x00000000ec080000,0x00000000ec300000)
 ParOldGen       total 68608K, used 31912K [0x00000000c0000000, 0x00000000c4300000, 0x00000000eab00000)
  object space 68608K, 46% used [0x00000000c0000000,0x00000000c1f2a008,0x00000000c4300000)
 Metaspace       used 51705K, committed 52608K, reserved 1114112K
  class space    used 5617K, committed 6016K, reserved 1048576K
}
Event: 15.086 GC heap before
{Heap before GC invocations=25 (full 2):
 PSYoungGen      total 24576K, used 24512K [0x00000000eab00000, 0x00000000ec580000, 0x0000000100000000)
  eden space 22016K, 100% used [0x00000000eab00000,0x00000000ec080000,0x00000000ec080000)
  from space 2560K, 97% used [0x00000000ec300000,0x00000000ec570010,0x00000000ec580000)
  to   space 2560K, 0% used [0x00000000ec080000,0x00000000ec080000,0x00000000ec300000)
 ParOldGen       total 68608K, used 31912K [0x00000000c0000000, 0x00000000c4300000, 0x00000000eab00000)
  object space 68608K, 46% used [0x00000000c0000000,0x00000000c1f2a008,0x00000000c4300000)
 Metaspace       used 53906K, committed 54784K, reserved 1114112K
  class space    used 5833K, committed 6208K, reserved 1048576K
}
Event: 15.090 GC heap after
{Heap after GC invocations=25 (full 2):
 PSYoungGen      total 24576K, used 1946K [0x00000000eab00000, 0x00000000ec580000, 0x0000000100000000)
  eden space 22016K, 0% used [0x00000000eab00000,0x00000000eab00000,0x00000000ec080000)
  from space 2560K, 76% used [0x00000000ec080000,0x00000000ec266ac0,0x00000000ec300000)
  to   space 2560K, 0% used [0x00000000ec300000,0x00000000ec300000,0x00000000ec580000)
 ParOldGen       total 68608K, used 34290K [0x00000000c0000000, 0x00000000c4300000, 0x00000000eab00000)
  object space 68608K, 49% used [0x00000000c0000000,0x00000000c217cbf0,0x00000000c4300000)
 Metaspace       used 53906K, committed 54784K, reserved 1114112K
  class space    used 5833K, committed 6208K, reserved 1048576K
}
Event: 15.287 GC heap before
{Heap before GC invocations=26 (full 2):
 PSYoungGen      total 24576K, used 23962K [0x00000000eab00000, 0x00000000ec580000, 0x0000000100000000)
  eden space 22016K, 100% used [0x00000000eab00000,0x00000000ec080000,0x00000000ec080000)
  from space 2560K, 76% used [0x00000000ec080000,0x00000000ec266ac0,0x00000000ec300000)
  to   space 2560K, 0% used [0x00000000ec300000,0x00000000ec300000,0x00000000ec580000)
 ParOldGen       total 68608K, used 34290K [0x00000000c0000000, 0x00000000c4300000, 0x00000000eab00000)
  object space 68608K, 49% used [0x00000000c0000000,0x00000000c217cbf0,0x00000000c4300000)
 Metaspace       used 54434K, committed 55360K, reserved 1114112K
  class space    used 5876K, committed 6272K, reserved 1048576K
}
Event: 15.289 GC heap after
{Heap after GC invocations=26 (full 2):
 PSYoungGen      total 23552K, used 1502K [0x00000000eab00000, 0x00000000ec480000, 0x0000000100000000)
  eden space 22016K, 0% used [0x00000000eab00000,0x00000000eab00000,0x00000000ec080000)
  from space 1536K, 97% used [0x00000000ec300000,0x00000000ec477b08,0x00000000ec480000)
  to   space 2048K, 0% used [0x00000000ec080000,0x00000000ec080000,0x00000000ec280000)
 ParOldGen       total 68608K, used 35993K [0x00000000c0000000, 0x00000000c4300000, 0x00000000eab00000)
  object space 68608K, 52% used [0x00000000c0000000,0x00000000c23266d0,0x00000000c4300000)
 Metaspace       used 54434K, committed 55360K, reserved 1114112K
  class space    used 5876K, committed 6272K, reserved 1048576K
}
Event: 15.539 GC heap before
{Heap before GC invocations=27 (full 2):
 PSYoungGen      total 23552K, used 23518K [0x00000000eab00000, 0x00000000ec480000, 0x0000000100000000)
  eden space 22016K, 100% used [0x00000000eab00000,0x00000000ec080000,0x00000000ec080000)
  from space 1536K, 97% used [0x00000000ec300000,0x00000000ec477b08,0x00000000ec480000)
  to   space 2048K, 0% used [0x00000000ec080000,0x00000000ec080000,0x00000000ec280000)
 ParOldGen       total 68608K, used 35993K [0x00000000c0000000, 0x00000000c4300000, 0x00000000eab00000)
  object space 68608K, 52% used [0x00000000c0000000,0x00000000c23266d0,0x00000000c4300000)
 Metaspace       used 55873K, committed 56832K, reserved 1114112K
  class space    used 5989K, committed 6400K, reserved 1048576K
}
Event: 15.540 GC heap after
{Heap after GC invocations=27 (full 2):
 PSYoungGen      total 24064K, used 320K [0x00000000eab00000, 0x00000000ec380000, 0x0000000100000000)
  eden space 22016K, 0% used [0x00000000eab00000,0x00000000eab00000,0x00000000ec080000)
  from space 2048K, 15% used [0x00000000ec080000,0x00000000ec0d0010,0x00000000ec280000)
  to   space 1024K, 0% used [0x00000000ec280000,0x00000000ec280000,0x00000000ec380000)
 ParOldGen       total 68608K, used 36081K [0x00000000c0000000, 0x00000000c4300000, 0x00000000eab00000)
  object space 68608K, 52% used [0x00000000c0000000,0x00000000c233c6d0,0x00000000c4300000)
 Metaspace       used 55873K, committed 56832K, reserved 1114112K
  class space    used 5989K, committed 6400K, reserved 1048576K
}
Event: 16.053 GC heap before
{Heap before GC invocations=28 (full 2):
 PSYoungGen      total 24064K, used 22336K [0x00000000eab00000, 0x00000000ec380000, 0x0000000100000000)
  eden space 22016K, 100% used [0x00000000eab00000,0x00000000ec080000,0x00000000ec080000)
  from space 2048K, 15% used [0x00000000ec080000,0x00000000ec0d0010,0x00000000ec280000)
  to   space 1024K, 0% used [0x00000000ec280000,0x00000000ec280000,0x00000000ec380000)
 ParOldGen       total 68608K, used 36081K [0x00000000c0000000, 0x00000000c4300000, 0x00000000eab00000)
  object space 68608K, 52% used [0x00000000c0000000,0x00000000c233c6d0,0x00000000c4300000)
 Metaspace       used 56751K, committed 57728K, reserved 1114112K
  class space    used 6105K, committed 6528K, reserved 1048576K
}
Event: 16.054 GC heap after
{Heap after GC invocations=28 (full 2):
 PSYoungGen      total 23040K, used 564K [0x00000000eab00000, 0x00000000ec380000, 0x0000000100000000)
  eden space 22016K, 0% used [0x00000000eab00000,0x00000000eab00000,0x00000000ec080000)
  from space 1024K, 55% used [0x00000000ec280000,0x00000000ec30d3e8,0x00000000ec380000)
  to   space 1024K, 0% used [0x00000000ec180000,0x00000000ec180000,0x00000000ec280000)
 ParOldGen       total 68608K, used 36225K [0x00000000c0000000, 0x00000000c4300000, 0x00000000eab00000)
  object space 68608K, 52% used [0x00000000c0000000,0x00000000c23606d0,0x00000000c4300000)
 Metaspace       used 56751K, committed 57728K, reserved 1114112K
  class space    used 6105K, committed 6528K, reserved 1048576K
}
Event: 16.870 GC heap before
{Heap before GC invocations=29 (full 2):
 PSYoungGen      total 23040K, used 22579K [0x00000000eab00000, 0x00000000ec380000, 0x0000000100000000)
  eden space 22016K, 99% used [0x00000000eab00000,0x00000000ec07fa20,0x00000000ec080000)
  from space 1024K, 55% used [0x00000000ec280000,0x00000000ec30d3e8,0x00000000ec380000)
  to   space 1024K, 0% used [0x00000000ec180000,0x00000000ec180000,0x00000000ec280000)
 ParOldGen       total 68608K, used 36225K [0x00000000c0000000, 0x00000000c4300000, 0x00000000eab00000)
  object space 68608K, 52% used [0x00000000c0000000,0x00000000c23606d0,0x00000000c4300000)
 Metaspace       used 59137K, committed 60096K, reserved 1114112K
  class space    used 6357K, committed 6720K, reserved 1048576K
}
Event: 16.873 GC heap after
{Heap after GC invocations=29 (full 2):
 PSYoungGen      total 23040K, used 807K [0x00000000eab00000, 0x00000000ec300000, 0x0000000100000000)
  eden space 22016K, 0% used [0x00000000eab00000,0x00000000eab00000,0x00000000ec080000)
  from space 1024K, 78% used [0x00000000ec180000,0x00000000ec249ff8,0x00000000ec280000)
  to   space 512K, 0% used [0x00000000ec280000,0x00000000ec280000,0x00000000ec300000)
 ParOldGen       total 68608K, used 37270K [0x00000000c0000000, 0x00000000c4300000, 0x00000000eab00000)
  object space 68608K, 54% used [0x00000000c0000000,0x00000000c2465be0,0x00000000c4300000)
 Metaspace       used 59137K, committed 60096K, reserved 1114112K
  class space    used 6357K, committed 6720K, reserved 1048576K
}
Event: 16.913 GC heap before
{Heap before GC invocations=30 (full 2):
 PSYoungGen      total 23040K, used 2566K [0x00000000eab00000, 0x00000000ec300000, 0x0000000100000000)
  eden space 22016K, 7% used [0x00000000eab00000,0x00000000eacb7a28,0x00000000ec080000)
  from space 1024K, 78% used [0x00000000ec180000,0x00000000ec249ff8,0x00000000ec280000)
  to   space 512K, 0% used [0x00000000ec280000,0x00000000ec280000,0x00000000ec300000)
 ParOldGen       total 68608K, used 37270K [0x00000000c0000000, 0x00000000c4300000, 0x00000000eab00000)
  object space 68608K, 54% used [0x00000000c0000000,0x00000000c2465be0,0x00000000c4300000)
 Metaspace       used 59312K, committed 60288K, reserved 1114112K
  class space    used 6372K, committed 6784K, reserved 1048576K
}
Event: 16.914 GC heap after
{Heap after GC invocations=30 (full 2):
 PSYoungGen      total 22528K, used 192K [0x00000000eab00000, 0x00000000ec300000, 0x0000000100000000)
  eden space 22016K, 0% used [0x00000000eab00000,0x00000000eab00000,0x00000000ec080000)
  from space 512K, 37% used [0x00000000ec280000,0x00000000ec2b0000,0x00000000ec300000)
  to   space 512K, 0% used [0x00000000ec200000,0x00000000ec200000,0x00000000ec280000)
 ParOldGen       total 68608K, used 37962K [0x00000000c0000000, 0x00000000c4300000, 0x00000000eab00000)
  object space 68608K, 55% used [0x00000000c0000000,0x00000000c2512920,0x00000000c4300000)
 Metaspace       used 59312K, committed 60288K, reserved 1114112K
  class space    used 6372K, committed 6784K, reserved 1048576K
}
Event: 16.914 GC heap before
{Heap before GC invocations=31 (full 3):
 PSYoungGen      total 22528K, used 192K [0x00000000eab00000, 0x00000000ec300000, 0x0000000100000000)
  eden space 22016K, 0% used [0x00000000eab00000,0x00000000eab00000,0x00000000ec080000)
  from space 512K, 37% used [0x00000000ec280000,0x00000000ec2b0000,0x00000000ec300000)
  to   space 512K, 0% used [0x00000000ec200000,0x00000000ec200000,0x00000000ec280000)
 ParOldGen       total 68608K, used 37962K [0x00000000c0000000, 0x00000000c4300000, 0x00000000eab00000)
  object space 68608K, 55% used [0x00000000c0000000,0x00000000c2512920,0x00000000c4300000)
 Metaspace       used 59312K, committed 60288K, reserved 1114112K
  class space    used 6372K, committed 6784K, reserved 1048576K
}
Event: 17.012 GC heap after
{Heap after GC invocations=31 (full 3):
 PSYoungGen      total 22528K, used 0K [0x00000000eab00000, 0x00000000ec300000, 0x0000000100000000)
  eden space 22016K, 0% used [0x00000000eab00000,0x00000000eab00000,0x00000000ec080000)
  from space 512K, 0% used [0x00000000ec280000,0x00000000ec280000,0x00000000ec300000)
  to   space 512K, 0% used [0x00000000ec200000,0x00000000ec200000,0x00000000ec280000)
 ParOldGen       total 68608K, used 31081K [0x00000000c0000000, 0x00000000c4300000, 0x00000000eab00000)
  object space 68608K, 45% used [0x00000000c0000000,0x00000000c1e5a4d0,0x00000000c4300000)
 Metaspace       used 59312K, committed 60288K, reserved 1114112K
  class space    used 6372K, committed 6784K, reserved 1048576K
}
Event: 17.513 GC heap before
{Heap before GC invocations=32 (full 3):
 PSYoungGen      total 22528K, used 22016K [0x00000000eab00000, 0x00000000ec300000, 0x0000000100000000)
  eden space 22016K, 100% used [0x00000000eab00000,0x00000000ec080000,0x00000000ec080000)
  from space 512K, 0% used [0x00000000ec280000,0x00000000ec280000,0x00000000ec300000)
  to   space 512K, 0% used [0x00000000ec200000,0x00000000ec200000,0x00000000ec280000)
 ParOldGen       total 68608K, used 31081K [0x00000000c0000000, 0x00000000c4300000, 0x00000000eab00000)
  object space 68608K, 45% used [0x00000000c0000000,0x00000000c1e5a4d0,0x00000000c4300000)
 Metaspace       used 60502K, committed 61504K, reserved 1114112K
  class space    used 6466K, committed 6848K, reserved 1048576K
}
Event: 17.516 GC heap after
{Heap after GC invocations=32 (full 3):
 PSYoungGen      total 22528K, used 512K [0x00000000eab00000, 0x00000000ec380000, 0x0000000100000000)
  eden space 22016K, 0% used [0x00000000eab00000,0x00000000eab00000,0x00000000ec080000)
  from space 512K, 100% used [0x00000000ec200000,0x00000000ec280000,0x00000000ec280000)
  to   space 1024K, 0% used [0x00000000ec280000,0x00000000ec280000,0x00000000ec380000)
 ParOldGen       total 68608K, used 31853K [0x00000000c0000000, 0x00000000c4300000, 0x00000000eab00000)
  object space 68608K, 46% used [0x00000000c0000000,0x00000000c1f1b478,0x00000000c4300000)
 Metaspace       used 60502K, committed 61504K, reserved 1114112K
  class space    used 6466K, committed 6848K, reserved 1048576K
}
Event: 17.675 GC heap before
{Heap before GC invocations=33 (full 3):
 PSYoungGen      total 22528K, used 22528K [0x00000000eab00000, 0x00000000ec380000, 0x0000000100000000)
  eden space 22016K, 100% used [0x00000000eab00000,0x00000000ec080000,0x00000000ec080000)
  from space 512K, 100% used [0x00000000ec200000,0x00000000ec280000,0x00000000ec280000)
  to   space 1024K, 0% used [0x00000000ec280000,0x00000000ec280000,0x00000000ec380000)
 ParOldGen       total 68608K, used 31853K [0x00000000c0000000, 0x00000000c4300000, 0x00000000eab00000)
  object space 68608K, 46% used [0x00000000c0000000,0x00000000c1f1b478,0x00000000c4300000)
 Metaspace       used 60681K, committed 61696K, reserved 1114112K
  class space    used 6485K, committed 6912K, reserved 1048576K
}
Event: 17.678 GC heap after
{Heap after GC invocations=33 (full 3):
 PSYoungGen      total 23040K, used 848K [0x00000000eab00000, 0x00000000ec380000, 0x0000000100000000)
  eden space 22016K, 0% used [0x00000000eab00000,0x00000000eab00000,0x00000000ec080000)
  from space 1024K, 82% used [0x00000000ec280000,0x00000000ec354010,0x00000000ec380000)
  to   space 1024K, 0% used [0x00000000ec180000,0x00000000ec180000,0x00000000ec280000)
 ParOldGen       total 68608K, used 32303K [0x00000000c0000000, 0x00000000c4300000, 0x00000000eab00000)
  object space 68608K, 47% used [0x00000000c0000000,0x00000000c1f8bfb0,0x00000000c4300000)
 Metaspace       used 60681K, committed 61696K, reserved 1114112K
  class space    used 6485K, committed 6912K, reserved 1048576K
}

